2023-12-12T11:22:57.188171+0300 INFO Все роутера подключены
2023-12-12T11:22:57.259930+0300 INFO Инициализация бд успешна, запускаю сервер!
2023-12-12T13:35:50.717536+0300 INFO Все роутера подключены
2023-12-12T13:35:50.787303+0300 INFO Инициализация бд успешна, запускаю сервер!
2023-12-12T13:43:29.749974+0300 INFO Все роутера подключены
2023-12-12T13:43:29.823723+0300 INFO Инициализация бд успешна, запускаю сервер!
2023-12-12T13:43:56.750644+0300 INFO Создан токен для пользователя: Ilya
2023-12-12T14:36:11.777184+0300 INFO Все роутера подключены
2023-12-12T14:36:11.850941+0300 INFO Инициализация бд успешна, запускаю сервер!
2023-12-12T14:36:46.688072+0300 INFO Все роутера подключены
2023-12-12T14:36:46.764815+0300 INFO Инициализация бд успешна, запускаю сервер!
2023-12-12T14:36:59.743487+0300 INFO Создан токен для пользователя: Ilya
2023-12-12T14:39:01.215655+0300 INFO Все роутера подключены
2023-12-12T14:39:01.286419+0300 INFO Инициализация бд успешна, запускаю сервер!
2023-12-12T14:39:12.678498+0300 INFO Создан токен для пользователя: Ilya
2023-12-12T14:39:22.635805+0300 INFO Создан запрос на транзакцию для пользователя: Ilya
2023-12-12T15:51:06.185810+0300 INFO Все роутера подключены
2023-12-12T15:51:06.260381+0300 INFO Инициализация бд успешна, запускаю сервер!
2023-12-12T15:51:35.174645+0300 INFO Все роутера подключены
2023-12-12T15:51:35.233445+0300 INFO Инициализация бд успешна, запускаю сервер!
2023-12-12T15:52:06.697311+0300 INFO Все роутера подключены
2023-12-12T15:52:06.749141+0300 INFO Инициализация бд успешна, запускаю сервер!
2023-12-12T15:52:27.068183+0300 INFO Все роутера подключены
2023-12-12T15:52:27.119957+0300 INFO Инициализация бд успешна, запускаю сервер!
2023-12-12T15:53:35.482654+0300 INFO Все роутера подключены
2023-12-12T15:53:35.534481+0300 INFO Инициализация бд успешна, запускаю сервер!
2023-12-12T15:55:42.465739+0300 INFO Все роутера подключены
2023-12-12T15:55:42.516517+0300 INFO Инициализация бд успешна, запускаю сервер!
2023-12-12T21:46:48.524141+0300 INFO Все роутера подключены
2023-12-12T21:46:48.577612+0300 INFO Инициализация бд успешна, запускаю сервер!
2023-12-13T10:44:46.359479+0300 INFO Все роутера подключены
2023-12-13T10:44:46.500008+0300 INFO Инициализация бд успешна, запускаю сервер!
2023-12-13T10:46:44.456973+0300 INFO Все роутера подключены
2023-12-13T10:46:44.510793+0300 INFO Инициализация бд успешна, запускаю сервер!
2023-12-13T10:47:26.623053+0300 INFO Все роутера подключены
2023-12-13T10:47:26.677874+0300 INFO Инициализация бд успешна, запускаю сервер!
2023-12-13T10:51:33.267899+0300 INFO Все роутера подключены
2023-12-13T10:51:33.318729+0300 INFO Инициализация бд успешна, запускаю сервер!
2023-12-13T10:55:03.665008+0300 INFO Все роутера подключены
2023-12-13T10:55:03.722809+0300 INFO Инициализация бд успешна, запускаю сервер!
2023-12-13T10:55:39.416072+0300 INFO Все роутера подключены
2023-12-13T10:55:39.469893+0300 INFO Инициализация бд успешна, запускаю сервер!
2023-12-13T11:00:44.357750+0300 INFO Все роутера подключены
2023-12-13T11:00:44.410573+0300 INFO Инициализация бд успешна, запускаю сервер!
2023-12-13T11:19:11.147205+0300 INFO Все роутера подключены
2023-12-13T11:19:11.204018+0300 INFO Инициализация бд успешна, запускаю сервер!
2023-12-13T11:22:10.837287+0300 INFO Все роутера подключены
2023-12-13T11:22:10.891106+0300 INFO Инициализация бд успешна, запускаю сервер!
2023-12-13T11:23:40.719753+0300 INFO Все роутера подключены
2023-12-13T11:23:40.771001+0300 INFO Инициализация бд успешна, запускаю сервер!
2023-12-13T11:24:50.246598+0300 INFO Все роутера подключены
2023-12-13T11:24:50.301410+0300 INFO Инициализация бд успешна, запускаю сервер!
2023-12-13T11:25:14.660108+0300 INFO Все роутера подключены
2023-12-13T11:25:14.713928+0300 INFO Инициализация бд успешна, запускаю сервер!
2023-12-13T11:26:46.170961+0300 INFO Все роутера подключены
2023-12-13T11:26:46.223344+0300 INFO Инициализация бд успешна, запускаю сервер!
2023-12-13T11:27:08.147789+0300 INFO Все роутера подключены
2023-12-13T11:27:08.201383+0300 INFO Инициализация бд успешна, запускаю сервер!
2023-12-13T11:27:40.595904+0300 INFO Все роутера подключены
2023-12-13T11:27:40.647731+0300 INFO Инициализация бд успешна, запускаю сервер!
2023-12-13T11:42:23.094098+0300 INFO Все роутера подключены
2023-12-13T11:42:23.144960+0300 INFO Инициализация бд успешна, запускаю сервер!
2023-12-13T16:30:00.971487+0300 INFO Все роутера подключены
2023-12-13T16:30:01.053787+0300 INFO Инициализация бд успешна, запускаю сервер!
2023-12-13T16:34:04.807035+0300 INFO Все роутера подключены
2023-12-13T16:34:04.860855+0300 INFO Инициализация бд успешна, запускаю сервер!
2023-12-13T16:34:39.965315+0300 INFO Создан токен для пользователя: gjyxbr12345@yandex.ru
2023-12-13T16:34:54.784638+0300 INFO Создан запрос на транзакцию для пользователя: gjyxbr12345@yandex.ru
2023-12-13T16:35:54.766851+0300 INFO Все роутера подключены
2023-12-13T16:35:54.816679+0300 INFO Инициализация бд успешна, запускаю сервер!
2023-12-13T16:37:35.733743+0300 INFO Все роутера подключены
2023-12-13T16:37:35.790557+0300 INFO Инициализация бд успешна, запускаю сервер!
2023-12-13T16:39:34.681559+0300 INFO Все роутера подключены
2023-12-13T16:39:34.740362+0300 INFO Инициализация бд успешна, запускаю сервер!
2023-12-13T16:40:30.344904+0300 INFO Все роутера подключены
2023-12-13T16:40:30.399719+0300 INFO Инициализация бд успешна, запускаю сервер!
2023-12-13T16:40:48.576223+0300 INFO Все роутера подключены
2023-12-13T16:40:48.628049+0300 INFO Инициализация бд успешна, запускаю сервер!
2023-12-13T16:41:19.546999+0300 INFO Все роутера подключены
2023-12-13T16:41:19.599822+0300 INFO Инициализация бд успешна, запускаю сервер!
2023-12-13T16:42:55.730330+0300 INFO Все роутера подключены
2023-12-13T16:42:55.786143+0300 INFO Инициализация бд успешна, запускаю сервер!
2023-12-13T16:46:20.622520+0300 INFO Все роутера подключены
2023-12-13T16:46:20.680273+0300 INFO Инициализация бд успешна, запускаю сервер!
2023-12-13T16:46:47.480161+0300 INFO Создан токен для пользователя: gjyxbr12345@yandex.ru
2023-12-13T16:47:18.812325+0300 INFO Все роутера подключены
2023-12-13T16:47:18.862158+0300 INFO Инициализация бд успешна, запускаю сервер!
2023-12-13T16:47:57.150518+0300 INFO Все роутера подключены
2023-12-13T16:47:57.202345+0300 INFO Инициализация бд успешна, запускаю сервер!
2023-12-13T16:54:54.731352+0300 INFO Все роутера подключены
2023-12-13T16:54:54.781099+0300 INFO Инициализация бд успешна, запускаю сервер!
2023-12-13T16:56:23.959104+0300 INFO Все роутера подключены
2023-12-13T16:56:24.010931+0300 INFO Инициализация бд успешна, запускаю сервер!
2023-12-13T16:58:08.569667+0300 INFO Все роутера подключены
2023-12-13T16:58:08.623487+0300 INFO Инициализация бд успешна, запускаю сервер!
2023-12-13T16:58:23.111268+0300 INFO Все роутера подключены
2023-12-13T16:58:23.165087+0300 INFO Инициализация бд успешна, запускаю сервер!
2023-12-13T17:00:53.432204+0300 INFO Все роутера подключены
2023-12-13T17:00:53.490011+0300 INFO Инициализация бд успешна, запускаю сервер!
2023-12-13T17:05:52.381337+0300 INFO Все роутера подключены
2023-12-13T17:05:52.455591+0300 INFO Инициализация бд успешна, запускаю сервер!
2023-12-13T17:09:18.401105+0300 INFO Все роутера подключены
2023-12-13T17:09:18.453927+0300 INFO Инициализация бд успешна, запускаю сервер!
2023-12-13T17:16:56.211408+0300 INFO Все роутера подключены
2023-12-13T17:16:56.266055+0300 INFO Инициализация бд успешна, запускаю сервер!
2023-12-13T17:17:23.800806+0300 INFO Создан токен для пользователя: gjyxbr12345@yandex.ru
2023-12-13T17:19:58.557447+0300 INFO Все роутера подключены
2023-12-13T17:19:58.609273+0300 INFO Инициализация бд успешна, запускаю сервер!
2023-12-13T17:23:20.116477+0300 INFO Все роутера подключены
2023-12-13T17:23:20.168303+0300 INFO Инициализация бд успешна, запускаю сервер!
2023-12-13T17:23:38.820652+0300 INFO Все роутера подключены
2023-12-13T17:23:38.871478+0300 INFO Инициализация бд успешна, запускаю сервер!
2023-12-13T17:24:17.446101+0300 INFO Все роутера подключены
2023-12-13T17:24:17.498924+0300 INFO Инициализация бд успешна, запускаю сервер!
2023-12-13T17:31:58.676051+0300 INFO Все роутера подключены
2023-12-13T17:31:58.728874+0300 INFO Инициализация бд успешна, запускаю сервер!
2023-12-13T17:32:31.226354+0300 INFO Все роутера подключены
2023-12-13T17:32:31.279180+0300 INFO Инициализация бд успешна, запускаю сервер!
2023-12-13T17:34:45.282515+0300 INFO Все роутера подключены
2023-12-13T17:34:45.334338+0300 INFO Инициализация бд успешна, запускаю сервер!
2023-12-13T17:35:05.193313+0300 INFO Все роутера подключены
2023-12-13T17:35:05.248125+0300 INFO Инициализация бд успешна, запускаю сервер!
2023-12-13T17:35:43.883087+0300 INFO Все роутера подключены
2023-12-13T17:35:43.935604+0300 INFO Инициализация бд успешна, запускаю сервер!
2023-12-13T17:40:33.724569+0300 INFO Все роутера подключены
2023-12-13T17:40:33.782376+0300 INFO Инициализация бд успешна, запускаю сервер!
2023-12-13T17:41:10.763673+0300 INFO Все роутера подключены
2023-12-13T17:41:10.816496+0300 INFO Инициализация бд успешна, запускаю сервер!
2023-12-13T17:42:32.657841+0300 INFO Все роутера подключены
2023-12-13T17:42:32.713654+0300 INFO Инициализация бд успешна, запускаю сервер!
2023-12-13T17:43:25.703065+0300 INFO Все роутера подключены
2023-12-13T17:43:25.755888+0300 INFO Инициализация бд успешна, запускаю сервер!
2023-12-13T17:49:36.826096+0300 INFO Все роутера подключены
2023-12-13T17:49:36.880944+0300 INFO Инициализация бд успешна, запускаю сервер!
2023-12-13T17:50:10.993829+0300 INFO Создан токен для пользователя: gjyxbr12345@yandex.ru
2023-12-13T17:50:39.133157+0300 INFO Все роутера подключены
2023-12-13T17:50:39.189966+0300 INFO Инициализация бд успешна, запускаю сервер!
